[35m[1mScanning dependencies of target fakeObj[0m
[  7%] [32mBuilding CXX object CMakeFiles/fakeObj.dir/src/fakeObj.cpp.o[0m
[ 21%] Built target ftest2
[ 35%] Built target ftest
[ 50%] Built target hello_world
[ 64%] Built target batteryMonitor
[ 78%] Built target calibration
[ 92%] Built target locate_d_area
[01m[K/home/ros/project/src/demining/src/fakeObj.cpp:[m[K In function â€˜[01m[Kint main(int, char**)[m[Kâ€™:
[01m[K/home/ros/project/src/demining/src/fakeObj.cpp:64:19:[m[K [01;31m[Kerror: [m[Kexpected primary-expression before â€˜[01m[K][m[Kâ€™ token
       scan.ranges[] = 5;
[01;32m[K                   ^[m[K
[01m[K/home/ros/project/src/demining/src/fakeObj.cpp:65:24:[m[K [01;31m[Kerror: [m[Kâ€˜[01m[Ki[m[Kâ€™ was not declared in this scope
       scan.intensities[i] = 5;
[01;32m[K                        ^[m[K
[01m[K/home/ros/project/src/demining/src/fakeObj.cpp:69:22:[m[K [01;31m[Kerror: [m[Kâ€˜[01m[Kscan[m[Kâ€™ was not declared in this scope
     scan_pub.publish(scan);
[01;32m[K                      ^[m[K
[01m[K/home/ros/project/src/demining/src/fakeObj.cpp:[m[K At global scope:
[01m[K/home/ros/project/src/demining/src/fakeObj.cpp:73:1:[m[K [01;31m[Kerror: [m[Kexpected declaration before â€˜[01m[K}[m[Kâ€™ token
 }
[01;32m[K ^[m[K
CMakeFiles/fakeObj.dir/build.make:62: recipe for target 'CMakeFiles/fakeObj.dir/src/fakeObj.cpp.o' failed
CMakeFiles/Makefile2:67: recipe for target 'CMakeFiles/fakeObj.dir/all' failed
make[2]: *** [CMakeFiles/fakeObj.dir/src/fakeObj.cpp.o] Error 1
make[1]: *** [CMakeFiles/fakeObj.dir/all] Error 2
Makefile:138: recipe for target 'all' failed
make: *** [all] Error 2
