[01m[K/home/ros/project/src/demining/src/fakeObj.cpp:[m[K In function â€˜[01m[Kint main(int, char**)[m[Kâ€™:
[01m[K/home/ros/project/src/demining/src/fakeObj.cpp:64:19:[m[K [01;31m[Kerror: [m[Kâ€˜[01m[Ki[m[Kâ€™ was not declared in this scope
       scan.ranges[i] = ranges[i];
[01;32m[K                   ^[m[K
make[2]: *** [CMakeFiles/fakeObj.dir/src/fakeObj.cpp.o] Error 1
make[1]: *** [CMakeFiles/fakeObj.dir/all] Error 2
make: *** [all] Error 2
