[01m[K/home/ros/project/src/demining/src/fakeObj.cpp:[m[K In function â€˜[01m[Kint main(int, char**)[m[Kâ€™:
[01m[K/home/ros/project/src/demining/src/fakeObj.cpp:64:19:[m[K [01;31m[Kerror: [m[Kexpected primary-expression before â€˜[01m[K][m[Kâ€™ token
       scan.ranges[] = 5;
[01;32m[K                   ^[m[K
[01m[K/home/ros/project/src/demining/src/fakeObj.cpp:65:24:[m[K [01;31m[Kerror: [m[Kâ€˜[01m[Ki[m[Kâ€™ was not declared in this scope
       scan.intensities[i] = 5;
[01;32m[K                        ^[m[K
[01m[K/home/ros/project/src/demining/src/fakeObj.cpp:69:22:[m[K [01;31m[Kerror: [m[Kâ€˜[01m[Kscan[m[Kâ€™ was not declared in this scope
     scan_pub.publish(scan);
[01;32m[K                      ^[m[K
[01m[K/home/ros/project/src/demining/src/fakeObj.cpp:[m[K At global scope:
[01m[K/home/ros/project/src/demining/src/fakeObj.cpp:73:1:[m[K [01;31m[Kerror: [m[Kexpected declaration before â€˜[01m[K}[m[Kâ€™ token
 }
[01;32m[K ^[m[K
make[2]: *** [CMakeFiles/fakeObj.dir/src/fakeObj.cpp.o] Error 1
make[1]: *** [CMakeFiles/fakeObj.dir/all] Error 2
make: *** [all] Error 2
